0 info it worked if it ends with ok
1 verbose cli [ '/usr/local/Cellar/node/8.5.0/bin/node',
1 verbose cli   '/usr/local/bin/npm',
1 verbose cli   '-g',
1 verbose cli   'i',
1 verbose cli   'node@6.2.1' ]
2 info using npm@3.9.6
3 info using node@v8.5.0
4 silly loadCurrentTree Starting
5 silly install loadCurrentTree
6 silly install readGlobalPackageData
7 silly fetchPackageMetaData node@6.2.1
8 silly fetchNamedPackageData node
9 silly mapToRegistry name node
10 silly mapToRegistry using default registry
11 silly mapToRegistry registry https://registry.npmjs.org/
12 silly mapToRegistry data Result {
12 silly mapToRegistry   raw: 'node',
12 silly mapToRegistry   scope: null,
12 silly mapToRegistry   name: 'node',
12 silly mapToRegistry   rawSpec: '',
12 silly mapToRegistry   spec: 'latest',
12 silly mapToRegistry   type: 'tag' }
13 silly mapToRegistry uri https://registry.npmjs.org/node
14 verbose request uri https://registry.npmjs.org/node
15 verbose request no auth needed
16 info attempt registry request try #1 at 10:09:33 AM
17 verbose request id 51d48fa9a9dc835f
18 http request GET https://registry.npmjs.org/node
19 http 200 https://registry.npmjs.org/node
20 verbose headers { server: 'nginx/1.10.1',
20 verbose headers   'content-type': 'application/json',
20 verbose headers   'last-modified': 'Thu, 28 Sep 2017 22:13:50 GMT',
20 verbose headers   etag: 'W/"59cd741e-4e34a"',
20 verbose headers   'content-encoding': 'gzip',
20 verbose headers   'cache-control': 'max-age=300',
20 verbose headers   'content-length': '51508',
20 verbose headers   'accept-ranges': 'bytes',
20 verbose headers   date: 'Tue, 24 Oct 2017 14:09:33 GMT',
20 verbose headers   via: '1.1 varnish',
20 verbose headers   age: '12',
20 verbose headers   connection: 'keep-alive',
20 verbose headers   'x-served-by': 'cache-dca17751-DCA',
20 verbose headers   'x-cache': 'HIT',
20 verbose headers   'x-cache-hits': '1',
20 verbose headers   'x-timer': 'S1508854174.755084,VS0,VE0',
20 verbose headers   vary: 'Accept-Encoding, Accept' }
21 silly get cb [ 200,
21 silly get   { server: 'nginx/1.10.1',
21 silly get     'content-type': 'application/json',
21 silly get     'last-modified': 'Thu, 28 Sep 2017 22:13:50 GMT',
21 silly get     etag: 'W/"59cd741e-4e34a"',
21 silly get     'content-encoding': 'gzip',
21 silly get     'cache-control': 'max-age=300',
21 silly get     'content-length': '51508',
21 silly get     'accept-ranges': 'bytes',
21 silly get     date: 'Tue, 24 Oct 2017 14:09:33 GMT',
21 silly get     via: '1.1 varnish',
21 silly get     age: '12',
21 silly get     connection: 'keep-alive',
21 silly get     'x-served-by': 'cache-dca17751-DCA',
21 silly get     'x-cache': 'HIT',
21 silly get     'x-cache-hits': '1',
21 silly get     'x-timer': 'S1508854174.755084,VS0,VE0',
21 silly get     vary: 'Accept-Encoding, Accept' } ]
22 verbose get saving node to /Users/paulsutcliffe/.npm/registry.npmjs.org/node/.cache.json
23 verbose correctMkdir /Users/paulsutcliffe/.npm correctMkdir not in flight; initializing
24 silly install normalizeTree
25 silly loadCurrentTree Finishing
26 silly loadIdealTree Starting
27 silly install loadIdealTree
28 silly cloneCurrentTree Starting
29 silly install cloneCurrentTreeToIdealTree
30 silly cloneCurrentTree Finishing
31 silly loadShrinkwrap Starting
32 silly install loadShrinkwrap
33 silly loadShrinkwrap Finishing
34 silly loadAllDepsIntoIdealTree Starting
35 silly install loadAllDepsIntoIdealTree
36 silly resolveWithNewModule node@6.2.1 checking installable status
37 silly cache add args [ 'node@6.2.1', null ]
38 verbose cache add spec node@6.2.1
39 silly cache add parsed spec Result {
39 silly cache add   raw: 'node@6.2.1',
39 silly cache add   scope: null,
39 silly cache add   name: 'node',
39 silly cache add   rawSpec: '6.2.1',
39 silly cache add   spec: '6.2.1',
39 silly cache add   type: 'version' }
40 silly addNamed node@6.2.1
41 verbose addNamed "6.2.1" is a plain semver version for node
42 silly mapToRegistry name node
43 silly mapToRegistry using default registry
44 silly mapToRegistry registry https://registry.npmjs.org/
45 silly mapToRegistry data Result {
45 silly mapToRegistry   raw: 'node',
45 silly mapToRegistry   scope: null,
45 silly mapToRegistry   name: 'node',
45 silly mapToRegistry   rawSpec: '',
45 silly mapToRegistry   spec: 'latest',
45 silly mapToRegistry   type: 'tag' }
46 silly mapToRegistry uri https://registry.npmjs.org/node
47 verbose addNameVersion registry:https://registry.npmjs.org/node not in flight; fetching
48 verbose get https://registry.npmjs.org/node not expired, no request
49 silly cache afterAdd node@6.2.1
50 verbose afterAdd /Users/paulsutcliffe/.npm/node/6.2.1/package/package.json not in flight; writing
51 verbose correctMkdir /Users/paulsutcliffe/.npm correctMkdir not in flight; initializing
52 verbose afterAdd /Users/paulsutcliffe/.npm/node/6.2.1/package/package.json written
53 silly fetchNamedPackageData node-bin-setup
54 silly mapToRegistry name node-bin-setup
55 silly mapToRegistry using default registry
56 silly mapToRegistry registry https://registry.npmjs.org/
57 silly mapToRegistry data Result {
57 silly mapToRegistry   raw: 'node-bin-setup',
57 silly mapToRegistry   scope: null,
57 silly mapToRegistry   name: 'node-bin-setup',
57 silly mapToRegistry   rawSpec: '',
57 silly mapToRegistry   spec: 'latest',
57 silly mapToRegistry   type: 'tag' }
58 silly mapToRegistry uri https://registry.npmjs.org/node-bin-setup
59 verbose request uri https://registry.npmjs.org/node-bin-setup
60 verbose request no auth needed
61 info attempt registry request try #1 at 10:09:34 AM
62 http request GET https://registry.npmjs.org/node-bin-setup
63 http 200 https://registry.npmjs.org/node-bin-setup
64 verbose headers { server: 'nginx/1.10.1',
64 verbose headers   'content-type': 'application/json',
64 verbose headers   'last-modified': 'Tue, 25 Jul 2017 03:32:58 GMT',
64 verbose headers   etag: 'W/"5976bbea-1511"',
64 verbose headers   'content-encoding': 'gzip',
64 verbose headers   'cache-control': 'max-age=300',
64 verbose headers   'content-length': '1464',
64 verbose headers   'accept-ranges': 'bytes',
64 verbose headers   date: 'Tue, 24 Oct 2017 14:09:34 GMT',
64 verbose headers   via: '1.1 varnish',
64 verbose headers   age: '12',
64 verbose headers   connection: 'keep-alive',
64 verbose headers   'x-served-by': 'cache-dca17751-DCA',
64 verbose headers   'x-cache': 'HIT',
64 verbose headers   'x-cache-hits': '1',
64 verbose headers   'x-timer': 'S1508854174.185155,VS0,VE0',
64 verbose headers   vary: 'Accept-Encoding, Accept' }
65 silly get cb [ 200,
65 silly get   { server: 'nginx/1.10.1',
65 silly get     'content-type': 'application/json',
65 silly get     'last-modified': 'Tue, 25 Jul 2017 03:32:58 GMT',
65 silly get     etag: 'W/"5976bbea-1511"',
65 silly get     'content-encoding': 'gzip',
65 silly get     'cache-control': 'max-age=300',
65 silly get     'content-length': '1464',
65 silly get     'accept-ranges': 'bytes',
65 silly get     date: 'Tue, 24 Oct 2017 14:09:34 GMT',
65 silly get     via: '1.1 varnish',
65 silly get     age: '12',
65 silly get     connection: 'keep-alive',
65 silly get     'x-served-by': 'cache-dca17751-DCA',
65 silly get     'x-cache': 'HIT',
65 silly get     'x-cache-hits': '1',
65 silly get     'x-timer': 'S1508854174.185155,VS0,VE0',
65 silly get     vary: 'Accept-Encoding, Accept' } ]
66 verbose get saving node-bin-setup to /Users/paulsutcliffe/.npm/registry.npmjs.org/node-bin-setup/.cache.json
67 verbose correctMkdir /Users/paulsutcliffe/.npm correctMkdir not in flight; initializing
68 silly resolveWithNewModule node-bin-setup@1.0.6 checking installable status
69 silly cache add args [ 'node-bin-setup@^1.0.0', null ]
70 verbose cache add spec node-bin-setup@^1.0.0
71 silly cache add parsed spec Result {
71 silly cache add   raw: 'node-bin-setup@^1.0.0',
71 silly cache add   scope: null,
71 silly cache add   name: 'node-bin-setup',
71 silly cache add   rawSpec: '^1.0.0',
71 silly cache add   spec: '>=1.0.0 <2.0.0',
71 silly cache add   type: 'range' }
72 silly addNamed node-bin-setup@>=1.0.0 <2.0.0
73 verbose addNamed ">=1.0.0 <2.0.0" is a valid semver range for node-bin-setup
74 silly addNameRange { name: 'node-bin-setup',
74 silly addNameRange   range: '>=1.0.0 <2.0.0',
74 silly addNameRange   hasData: false }
75 silly mapToRegistry name node-bin-setup
76 silly mapToRegistry using default registry
77 silly mapToRegistry registry https://registry.npmjs.org/
78 silly mapToRegistry data Result {
78 silly mapToRegistry   raw: 'node-bin-setup',
78 silly mapToRegistry   scope: null,
78 silly mapToRegistry   name: 'node-bin-setup',
78 silly mapToRegistry   rawSpec: '',
78 silly mapToRegistry   spec: 'latest',
78 silly mapToRegistry   type: 'tag' }
79 silly mapToRegistry uri https://registry.npmjs.org/node-bin-setup
80 verbose addNameRange registry:https://registry.npmjs.org/node-bin-setup not in flight; fetching
81 verbose get https://registry.npmjs.org/node-bin-setup not expired, no request
82 silly addNameRange number 2 { name: 'node-bin-setup',
82 silly addNameRange   range: '>=1.0.0 <2.0.0',
82 silly addNameRange   hasData: true }
83 silly addNameRange versions [ 'node-bin-setup',
83 silly addNameRange   [ '1.0.0', '1.0.1', '1.0.2', '1.0.3', '1.0.4', '1.0.6' ] ]
84 silly addNamed node-bin-setup@1.0.6
85 verbose addNamed "1.0.6" is a plain semver version for node-bin-setup
86 silly cache afterAdd node-bin-setup@1.0.6
87 verbose afterAdd /Users/paulsutcliffe/.npm/node-bin-setup/1.0.6/package/package.json not in flight; writing
88 verbose correctMkdir /Users/paulsutcliffe/.npm correctMkdir not in flight; initializing
89 verbose afterAdd /Users/paulsutcliffe/.npm/node-bin-setup/1.0.6/package/package.json written
90 silly loadAllDepsIntoIdealTree Finishing
91 silly idealTree:prePrune lib
91 silly idealTree:prePrune └─┬ node@6.2.1
91 silly idealTree:prePrune   └── node-bin-setup@1.0.6
92 silly loadIdealTree Finishing
93 silly currentTree lib
94 silly idealTree lib
94 silly idealTree └─┬ node@6.2.1
94 silly idealTree   └── node-bin-setup@1.0.6
95 silly generateActionsToTake Starting
96 silly install generateActionsToTake
97 silly generateActionsToTake Finishing
98 silly diffTrees action count 2
99 silly diffTrees add node-bin-setup@1.0.6
100 silly diffTrees add node@6.2.1
101 silly decomposeActions action count 16
102 silly decomposeActions fetch node-bin-setup@1.0.6
103 silly decomposeActions extract node-bin-setup@1.0.6
104 silly decomposeActions test node-bin-setup@1.0.6
105 silly decomposeActions preinstall node-bin-setup@1.0.6
106 silly decomposeActions build node-bin-setup@1.0.6
107 silly decomposeActions install node-bin-setup@1.0.6
108 silly decomposeActions postinstall node-bin-setup@1.0.6
109 silly decomposeActions finalize node-bin-setup@1.0.6
110 silly decomposeActions fetch node@6.2.1
111 silly decomposeActions extract node@6.2.1
112 silly decomposeActions test node@6.2.1
113 silly decomposeActions preinstall node@6.2.1
114 silly decomposeActions build node@6.2.1
115 silly decomposeActions install node@6.2.1
116 silly decomposeActions postinstall node@6.2.1
117 silly decomposeActions finalize node@6.2.1
118 silly executeActions Starting
119 silly install executeActions
120 silly doSerial global-install 0
121 silly doParallel fetch 2
122 verbose correctMkdir /Users/paulsutcliffe/.npm/_locks correctMkdir not in flight; initializing
123 verbose lock using /Users/paulsutcliffe/.npm/_locks/staging-3a08f0df5026584d.lock for /usr/local/lib/node_modules/.staging
124 silly doParallel extract 2
125 silly extract node-bin-setup@1.0.6
126 silly extract node@6.2.1
127 verbose unbuild lib/node_modules/.staging/node-bin-setup-e96ff650
128 verbose unbuild lib/node_modules/.staging/node-120c5c5f
129 silly gentlyRm /usr/local/lib/node_modules/.staging/node-bin-setup-e96ff650 is being purged from base /usr/local
130 verbose gentlyRm don't care about contents; nuking /usr/local/lib/node_modules/.staging/node-bin-setup-e96ff650
131 verbose tar unpack /Users/paulsutcliffe/.npm/node-bin-setup/1.0.6/package.tgz
132 verbose tar unpacking to /usr/local/lib/node_modules/.staging/node-bin-setup-e96ff650
133 silly gentlyRm /usr/local/lib/node_modules/.staging/node-bin-setup-e96ff650 is being purged
134 verbose gentlyRm don't care about contents; nuking /usr/local/lib/node_modules/.staging/node-bin-setup-e96ff650
135 silly gunzTarPerm modes [ '755', '644' ]
136 silly gentlyRm /usr/local/lib/node_modules/.staging/node-120c5c5f is being purged from base /usr/local
137 verbose gentlyRm don't care about contents; nuking /usr/local/lib/node_modules/.staging/node-120c5c5f
138 verbose tar unpack /Users/paulsutcliffe/.npm/node/6.2.1/package.tgz
139 verbose tar unpacking to /usr/local/lib/node_modules/.staging/node-120c5c5f
140 silly gentlyRm /usr/local/lib/node_modules/.staging/node-120c5c5f is being purged
141 verbose gentlyRm don't care about contents; nuking /usr/local/lib/node_modules/.staging/node-120c5c5f
142 silly gunzTarPerm modes [ '755', '644' ]
143 silly gunzTarPerm extractEntry package.json
144 silly gunzTarPerm extractEntry package.json
145 silly gunzTarPerm extractEntry index.js
146 silly gunzTarPerm extractEntry README.md
147 silly gunzTarPerm extractEntry installArchSpecificPackage.js
148 silly gentlyRm /usr/local/lib/node_modules/.staging/node-bin-setup-e96ff650/node_modules is being purged
149 verbose gentlyRm don't care about contents; nuking /usr/local/lib/node_modules/.staging/node-bin-setup-e96ff650/node_modules
150 silly gentlyRm /usr/local/lib/node_modules/.staging/node-120c5c5f/node_modules is being purged
151 verbose gentlyRm don't care about contents; nuking /usr/local/lib/node_modules/.staging/node-120c5c5f/node_modules
152 silly doParallel preinstall 2
153 silly preinstall node-bin-setup@1.0.6 /usr/local/lib/node_modules/.staging/node-bin-setup-e96ff650
154 info lifecycle node-bin-setup@1.0.6~preinstall: node-bin-setup@1.0.6
155 silly preinstall node@6.2.1 /usr/local/lib/node_modules/.staging/node-120c5c5f
156 info lifecycle node@6.2.1~preinstall: node@6.2.1
157 silly lifecycle node-bin-setup@1.0.6~preinstall: no script for preinstall, continuing
158 warn lifecycle node@6.2.1~preinstall: cannot run in wd %s %s (wd=%s) node@6.2.1 node installArchSpecificPackage /usr/local/lib/node_modules/.staging/node-120c5c5f
159 silly doReverseSerial remove 0
160 silly doSerial move 0
161 silly doSerial finalize 2
162 silly finalize /usr/local/lib/node_modules/node/node_modules/node-bin-setup
163 silly finalize /usr/local/lib/node_modules/node
164 silly doSerial build 2
165 silly build node-bin-setup@1.0.6
166 info linkStuff node-bin-setup@1.0.6
167 silly linkStuff node-bin-setup@1.0.6 has /usr/local/lib/node_modules/node/node_modules as its parent node_modules
168 silly linkStuff node-bin-setup@1.0.6 is part of a global install
169 silly linkStuff node-bin-setup@1.0.6 is installed into a global node_modules
170 verbose linkBins node-bin-setup@1.0.6
171 verbose linkMans node-bin-setup@1.0.6
172 silly build node@6.2.1
173 info linkStuff node@6.2.1
174 silly linkStuff node@6.2.1 has /usr/local/lib/node_modules as its parent node_modules
175 silly linkStuff node@6.2.1 is part of a global install
176 silly linkStuff node@6.2.1 is installed into a global node_modules
177 silly linkStuff node@6.2.1 is installed into the top-level global node_modules
178 verbose linkBins node@6.2.1
179 verbose link bins [ { node: 'bin/node' }, '/usr/local/bin', true ]
180 verbose linkMans node@6.2.1
181 verbose unlock done using /Users/paulsutcliffe/.npm/_locks/staging-3a08f0df5026584d.lock for /usr/local/lib/node_modules/.staging
182 silly rollbackFailedOptional Starting
183 silly rollbackFailedOptional Finishing
184 silly runTopLevelLifecycles Starting
185 silly runTopLevelLifecycles Finishing
186 silly install printInstalled
187 verbose stack Error: ENOENT: no such file or directory, chmod '/usr/local/lib/node_modules/node/bin/node'
188 verbose cwd /Users/paulsutcliffe/Documents/I/iphod/assets
189 error Darwin 16.7.0
190 error argv "/usr/local/Cellar/node/8.5.0/bin/node" "/usr/local/bin/npm" "-g" "i" "node@6.2.1"
191 error node v8.5.0
192 error npm  v3.9.6
193 error path /usr/local/lib/node_modules/node/bin/node
194 error code ENOENT
195 error errno -2
196 error syscall chmod
197 error enoent ENOENT: no such file or directory, chmod '/usr/local/lib/node_modules/node/bin/node'
198 error enoent ENOENT: no such file or directory, chmod '/usr/local/lib/node_modules/node/bin/node'
198 error enoent This is most likely not a problem with npm itself
198 error enoent and is related to npm not being able to find a file.
199 verbose exit [ -2, true ]
